
3/3/2017, 9:59:01 PM

Operating System
  Name                        = Mac OS X
  Version                     = 10.12.3
  Architecture                = 64bit
  # CPUs                      = 4
  Memory                      = 4294967296

Node.js
  Node.js Version             = 4.6.0
  npm Version                 = 2.15.9

Titanium CLI
  CLI Version                 = 5.0.11

Titanium SDK
  SDK Version                 = 6.0.1.GA
  SDK Path                    = /Users/dedam/Library/Application Support/Titanium/mobilesdk/osx/6.0.1.GA
  Target Platform             = mobileweb

Command
  /usr/local/bin/node /Users/dedam/.appcelerator/install/6.1.0/package/node_modules/titanium/lib/titanium.js build run --platform mobileweb --log-level trace --sdk 6.0.1.GA --project-dir /Users/dedam/Desktop/AppceleratorMon/ChooseAMonster --deploy-type development --skip-js-minify --no-colors --no-progress-bars --no-prompt --prompt-type socket-bundle --prompt-port 49304 --config-file /var/folders/ny/88xmw3fd2mnc8ph1wbs1s7rw0000gn/T/build-1488574737873.json --no-banner --project-dir /Users/dedam/Desktop/AppceleratorMon/ChooseAMonster

[WARN]   MobileWeb platform has been deprecated and will be removed in 7.0.0.
[DEBUG]  Detecting modules in /Users/dedam/Library/Application Support/Titanium/modules
[DEBUG]  Detected android module: facebook 6.0.1 @ /Users/dedam/Library/Application Support/Titanium/modules/android/facebook/6.0.1
[DEBUG]  Detected android module: hyperloop 1.2.8 @ /Users/dedam/Library/Application Support/Titanium/modules/android/hyperloop/1.2.8
[DEBUG]  Detected android module: hyperloop 2.0.0 @ /Users/dedam/Library/Application Support/Titanium/modules/android/hyperloop/2.0.0
[DEBUG]  Detected android module: ti.cloudpush 4.0.3 @ /Users/dedam/Library/Application Support/Titanium/modules/android/ti.cloudpush/4.0.3
[DEBUG]  Detected android module: ti.map 3.0.1 @ /Users/dedam/Library/Application Support/Titanium/modules/android/ti.map/3.0.1
[DEBUG]  Detected android module: ti.touchid 2.0.1 @ /Users/dedam/Library/Application Support/Titanium/modules/android/ti.touchid/2.0.1
[DEBUG]  Detected commonjs module: ti.cloud 3.2.11 @ /Users/dedam/Library/Application Support/Titanium/modules/commonjs/ti.cloud/3.2.11
[DEBUG]  Detected iphone module: com.appcelerator.urlSession 2.0.0 @ /Users/dedam/Library/Application Support/Titanium/modules/iphone/com.appcelerator.urlSession/2.0.0
[DEBUG]  Detected iphone module: facebook 5.2.9 @ /Users/dedam/Library/Application Support/Titanium/modules/iphone/facebook/5.2.9
[DEBUG]  Detected iphone module: hyperloop 1.2.8 @ /Users/dedam/Library/Application Support/Titanium/modules/iphone/hyperloop/1.2.8
[DEBUG]  Detected iphone module: hyperloop 2.0.0 @ /Users/dedam/Library/Application Support/Titanium/modules/iphone/hyperloop/2.0.0
[DEBUG]  Detected iphone module: ti.coremotion 2.0.0 @ /Users/dedam/Library/Application Support/Titanium/modules/iphone/ti.coremotion/2.0.0
[DEBUG]  Detected iphone module: ti.map 2.8.0 @ /Users/dedam/Library/Application Support/Titanium/modules/iphone/ti.map/2.8.0
[DEBUG]  Detected iphone module: ti.safaridialog 1.1.1 @ /Users/dedam/Library/Application Support/Titanium/modules/iphone/ti.safaridialog/1.1.1
[DEBUG]  Detected iphone module: ti.touchid 1.2.2 @ /Users/dedam/Library/Application Support/Titanium/modules/iphone/ti.touchid/1.2.2
[DEBUG]  No project level plugins to load
[TRACE]  Snapshotting build directory
[INFO]   Compiling "development" build
[INFO]   Reading Titanium Mobile Web package.json file
[INFO]   Validating theme
[DEBUG]  Using default theme
[TRACE]  offline build file /var/folders/ny/88xmw3fd2mnc8ph1wbs1s7rw0000gn/T/build-b236ad9769603ed4869ea99b645b64a4a5f2af3e.json
[TRACE]  online 1
[TRACE]  optimizing build, last build was 29747.935 sec ago
[DEBUG]  Deleting existing build directory
[INFO]   Copying project files
[DEBUG]  Copying /Users/dedam/Library/Application Support/Titanium/mobilesdk/osx/6.0.1.GA/mobileweb/titanium/Ti/API.js => /Users/dedam/Desktop/AppceleratorMon/ChooseAMonster/build/mobileweb/titanium/Ti/API.js
[DEBUG]  Copying /Users/dedam/Library/Application Support/Titanium/mobilesdk/osx/6.0.1.GA/mobileweb/titanium/Ti/Accelerometer.js => /Users/dedam/Desktop/AppceleratorMon/ChooseAMonster/build/mobileweb/titanium/Ti/Accelerometer.js
[DEBUG]  Copying /Users/dedam/Library/Application Support/Titanium/mobilesdk/osx/6.0.1.GA/mobileweb/titanium/Ti/Analytics.js => /Users/dedam/Desktop/AppceleratorMon/ChooseAMonster/build/mobileweb/titanium/Ti/Analytics.js
[DEBUG]  Copying /Users/dedam/Library/Application Support/Titanium/mobilesdk/osx/6.0.1.GA/mobileweb/titanium/Ti/App/Properties.js => /Users/dedam/Desktop/AppceleratorMon/ChooseAMonster/build/mobileweb/titanium/Ti/App/Properties.js
[DEBUG]  Copying /Users/dedam/Library/Application Support/Titanium/mobilesdk/osx/6.0.1.GA/mobileweb/titanium/Ti/App.js => /Users/dedam/Desktop/AppceleratorMon/ChooseAMonster/build/mobileweb/titanium/Ti/App.js
[DEBUG]  Copying /Users/dedam/Library/Application Support/Titanium/mobilesdk/osx/6.0.1.GA/mobileweb/titanium/Ti/Blob.js => /Users/dedam/Desktop/AppceleratorMon/ChooseAMonster/build/mobileweb/titanium/Ti/Blob.js
[DEBUG]  Copying /Users/dedam/Library/Application Support/Titanium/mobilesdk/osx/6.0.1.GA/mobileweb/titanium/Ti/BlobStream.js => /Users/dedam/Desktop/AppceleratorMon/ChooseAMonster/build/mobileweb/titanium/Ti/BlobStream.js
[DEBUG]  Copying /Users/dedam/Library/Application Support/Titanium/mobilesdk/osx/6.0.1.GA/mobileweb/titanium/Ti/Buffer.js => /Users/dedam/Desktop/AppceleratorMon/ChooseAMonster/build/mobileweb/titanium/Ti/Buffer.js
[DEBUG]  Copying /Users/dedam/Library/Application Support/Titanium/mobilesdk/osx/6.0.1.GA/mobileweb/titanium/Ti/BufferStream.js => /Users/dedam/Desktop/AppceleratorMon/ChooseAMonster/build/mobileweb/titanium/Ti/BufferStream.js
[DEBUG]  Copying /Users/dedam/Library/Application Support/Titanium/mobilesdk/osx/6.0.1.GA/mobileweb/titanium/Ti/Codec.js => /Users/dedam/Desktop/AppceleratorMon/ChooseAMonster/build/mobileweb/titanium/Ti/Codec.js
[DEBUG]  Copying /Users/dedam/Library/Application Support/Titanium/mobilesdk/osx/6.0.1.GA/mobileweb/titanium/Ti/Facebook/LoginButton.js => /Users/dedam/Desktop/AppceleratorMon/ChooseAMonster/build/mobileweb/titanium/Ti/Facebook/LoginButton.js
[DEBUG]  Copying /Users/dedam/Library/Application Support/Titanium/mobilesdk/osx/6.0.1.GA/mobileweb/titanium/Ti/Facebook.js => /Users/dedam/Desktop/AppceleratorMon/ChooseAMonster/build/mobileweb/titanium/Ti/Facebook.js
[DEBUG]  Copying /Users/dedam/Library/Application Support/Titanium/mobilesdk/osx/6.0.1.GA/mobileweb/titanium/Ti/Filesystem/File.js => /Users/dedam/Desktop/AppceleratorMon/ChooseAMonster/build/mobileweb/titanium/Ti/Filesystem/File.js
[DEBUG]  Copying /Users/dedam/Library/Application Support/Titanium/mobilesdk/osx/6.0.1.GA/mobileweb/titanium/Ti/Filesystem/FileStream.js => /Users/dedam/Desktop/AppceleratorMon/ChooseAMonster/build/mobileweb/titanium/Ti/Filesystem/FileStream.js
[DEBUG]  Copying /Users/dedam/Library/Application Support/Titanium/mobilesdk/osx/6.0.1.GA/mobileweb/titanium/Ti/Filesystem.js => /Users/dedam/Desktop/AppceleratorMon/ChooseAMonster/build/mobileweb/titanium/Ti/Filesystem.js
[DEBUG]  Copying /Users/dedam/Library/Application Support/Titanium/mobilesdk/osx/6.0.1.GA/mobileweb/titanium/Ti/Geolocation.js => /Users/dedam/Desktop/AppceleratorMon/ChooseAMonster/build/mobileweb/titanium/Ti/Geolocation.js
[DEBUG]  Copying /Users/dedam/Library/Application Support/Titanium/mobilesdk/osx/6.0.1.GA/mobileweb/titanium/Ti/Gesture.js => /Users/dedam/Desktop/AppceleratorMon/ChooseAMonster/build/mobileweb/titanium/Ti/Gesture.js
[DEBUG]  Copying /Users/dedam/Library/Application Support/Titanium/mobilesdk/osx/6.0.1.GA/mobileweb/titanium/Ti/IOStream.js => /Users/dedam/Desktop/AppceleratorMon/ChooseAMonster/build/mobileweb/titanium/Ti/IOStream.js
[DEBUG]  Copying /Users/dedam/Library/Application Support/Titanium/mobilesdk/osx/6.0.1.GA/mobileweb/titanium/Ti/Locale.js => /Users/dedam/Desktop/AppceleratorMon/ChooseAMonster/build/mobileweb/titanium/Ti/Locale.js
[DEBUG]  Copying /Users/dedam/Library/Application Support/Titanium/mobilesdk/osx/6.0.1.GA/mobileweb/titanium/Ti/Map/Annotation.js => /Users/dedam/Desktop/AppceleratorMon/ChooseAMonster/build/mobileweb/titanium/Ti/Map/Annotation.js
[DEBUG]  Copying /Users/dedam/Library/Application Support/Titanium/mobilesdk/osx/6.0.1.GA/mobileweb/titanium/Ti/Map/View.js => /Users/dedam/Desktop/AppceleratorMon/ChooseAMonster/build/mobileweb/titanium/Ti/Map/View.js
[DEBUG]  Copying /Users/dedam/Library/Application Support/Titanium/mobilesdk/osx/6.0.1.GA/mobileweb/titanium/Ti/Map.js => /Users/dedam/Desktop/AppceleratorMon/ChooseAMonster/build/mobileweb/titanium/Ti/Map.js
[DEBUG]  Copying /Users/dedam/Library/Application Support/Titanium/mobilesdk/osx/6.0.1.GA/mobileweb/titanium/Ti/Media/AudioPlayer.js => /Users/dedam/Desktop/AppceleratorMon/ChooseAMonster/build/mobileweb/titanium/Ti/Media/AudioPlayer.js
[DEBUG]  Copying /Users/dedam/Library/Application Support/Titanium/mobilesdk/osx/6.0.1.GA/mobileweb/titanium/Ti/Media/Sound.js => /Users/dedam/Desktop/AppceleratorMon/ChooseAMonster/build/mobileweb/titanium/Ti/Media/Sound.js
[DEBUG]  Copying /Users/dedam/Library/Application Support/Titanium/mobilesdk/osx/6.0.1.GA/mobileweb/titanium/Ti/Media/VideoPlayer.js => /Users/dedam/Desktop/AppceleratorMon/ChooseAMonster/build/mobileweb/titanium/Ti/Media/VideoPlayer.js
[DEBUG]  Copying /Users/dedam/Library/Application Support/Titanium/mobilesdk/osx/6.0.1.GA/mobileweb/titanium/Ti/Media.js => /Users/dedam/Desktop/AppceleratorMon/ChooseAMonster/build/mobileweb/titanium/Ti/Media.js
[DEBUG]  Copying /Users/dedam/Library/Application Support/Titanium/mobilesdk/osx/6.0.1.GA/mobileweb/titanium/Ti/Network/HTTPClient.js => /Users/dedam/Desktop/AppceleratorMon/ChooseAMonster/build/mobileweb/titanium/Ti/Network/HTTPClient.js
[DEBUG]  Copying /Users/dedam/Library/Application Support/Titanium/mobilesdk/osx/6.0.1.GA/mobileweb/titanium/Ti/Network.js => /Users/dedam/Desktop/AppceleratorMon/ChooseAMonster/build/mobileweb/titanium/Ti/Network.js
[DEBUG]  Copying /Users/dedam/Library/Application Support/Titanium/mobilesdk/osx/6.0.1.GA/mobileweb/titanium/Ti/Platform/DisplayCaps.js => /Users/dedam/Desktop/AppceleratorMon/ChooseAMonster/build/mobileweb/titanium/Ti/Platform/DisplayCaps.js
[DEBUG]  Copying /Users/dedam/Library/Application Support/Titanium/mobilesdk/osx/6.0.1.GA/mobileweb/titanium/Ti/Platform.js => /Users/dedam/Desktop/AppceleratorMon/ChooseAMonster/build/mobileweb/titanium/Ti/Platform.js
[DEBUG]  Copying /Users/dedam/Library/Application Support/Titanium/mobilesdk/osx/6.0.1.GA/mobileweb/titanium/Ti/UI/2DMatrix.js => /Users/dedam/Desktop/AppceleratorMon/ChooseAMonster/build/mobileweb/titanium/Ti/UI/2DMatrix.js
[DEBUG]  Copying /Users/dedam/Library/Application Support/Titanium/mobilesdk/osx/6.0.1.GA/mobileweb/titanium/Ti/UI/ActivityIndicator.js => /Users/dedam/Desktop/AppceleratorMon/ChooseAMonster/build/mobileweb/titanium/Ti/UI/ActivityIndicator.js
[DEBUG]  Copying /Users/dedam/Library/Application Support/Titanium/mobilesdk/osx/6.0.1.GA/mobileweb/titanium/Ti/UI/ActivityIndicatorStyle.js => /Users/dedam/Desktop/AppceleratorMon/ChooseAMonster/build/mobileweb/titanium/Ti/UI/ActivityIndicatorStyle.js
[DEBUG]  Copying /Users/dedam/Library/Application Support/Titanium/mobilesdk/osx/6.0.1.GA/mobileweb/titanium/Ti/UI/AlertDialog.js => /Users/dedam/Desktop/AppceleratorMon/ChooseAMonster/build/mobileweb/titanium/Ti/UI/AlertDialog.js
[DEBUG]  Copying /Users/dedam/Library/Application Support/Titanium/mobilesdk/osx/6.0.1.GA/mobileweb/titanium/Ti/UI/Animation.js => /Users/dedam/Desktop/AppceleratorMon/ChooseAMonster/build/mobileweb/titanium/Ti/UI/Animation.js
[DEBUG]  Copying /Users/dedam/Library/Application Support/Titanium/mobilesdk/osx/6.0.1.GA/mobileweb/titanium/Ti/UI/Button.js => /Users/dedam/Desktop/AppceleratorMon/ChooseAMonster/build/mobileweb/titanium/Ti/UI/Button.js
[DEBUG]  Copying /Users/dedam/Library/Application Support/Titanium/mobilesdk/osx/6.0.1.GA/mobileweb/titanium/Ti/UI/Clipboard.js => /Users/dedam/Desktop/AppceleratorMon/ChooseAMonster/build/mobileweb/titanium/Ti/UI/Clipboard.js
[DEBUG]  Copying /Users/dedam/Library/Application Support/Titanium/mobilesdk/osx/6.0.1.GA/mobileweb/titanium/Ti/UI/EmailDialog.js => /Users/dedam/Desktop/AppceleratorMon/ChooseAMonster/build/mobileweb/titanium/Ti/UI/EmailDialog.js
[DEBUG]  Copying /Users/dedam/Library/Application Support/Titanium/mobilesdk/osx/6.0.1.GA/mobileweb/titanium/Ti/UI/ImageView.js => /Users/dedam/Desktop/AppceleratorMon/ChooseAMonster/build/mobileweb/titanium/Ti/UI/ImageView.js
[DEBUG]  Copying /Users/dedam/Library/Application Support/Titanium/mobilesdk/osx/6.0.1.GA/mobileweb/titanium/Ti/UI/Label.js => /Users/dedam/Desktop/AppceleratorMon/ChooseAMonster/build/mobileweb/titanium/Ti/UI/Label.js
[DEBUG]  Copying /Users/dedam/Library/Application Support/Titanium/mobilesdk/osx/6.0.1.GA/mobileweb/titanium/Ti/UI/MobileWeb/NavigationGroup.js => /Users/dedam/Desktop/AppceleratorMon/ChooseAMonster/build/mobileweb/titanium/Ti/UI/MobileWeb/NavigationGroup.js
[DEBUG]  Copying /Users/dedam/Library/Application Support/Titanium/mobilesdk/osx/6.0.1.GA/mobileweb/titanium/Ti/UI/MobileWeb/TableViewSeparatorStyle.js => /Users/dedam/Desktop/AppceleratorMon/ChooseAMonster/build/mobileweb/titanium/Ti/UI/MobileWeb/TableViewSeparatorStyle.js
[DEBUG]  Copying /Users/dedam/Library/Application Support/Titanium/mobilesdk/osx/6.0.1.GA/mobileweb/titanium/Ti/UI/MobileWeb.js => /Users/dedam/Desktop/AppceleratorMon/ChooseAMonster/build/mobileweb/titanium/Ti/UI/MobileWeb.js
[DEBUG]  Copying /Users/dedam/Library/Application Support/Titanium/mobilesdk/osx/6.0.1.GA/mobileweb/titanium/Ti/UI/OptionDialog.js => /Users/dedam/Desktop/AppceleratorMon/ChooseAMonster/build/mobileweb/titanium/Ti/UI/OptionDialog.js
[DEBUG]  Copying /Users/dedam/Library/Application Support/Titanium/mobilesdk/osx/6.0.1.GA/mobileweb/titanium/Ti/UI/Picker.js => /Users/dedam/Desktop/AppceleratorMon/ChooseAMonster/build/mobileweb/titanium/Ti/UI/Picker.js
[DEBUG]  Copying /Users/dedam/Library/Application Support/Titanium/mobilesdk/osx/6.0.1.GA/mobileweb/titanium/Ti/UI/PickerColumn.js => /Users/dedam/Desktop/AppceleratorMon/ChooseAMonster/build/mobileweb/titanium/Ti/UI/PickerColumn.js
[DEBUG]  Copying /Users/dedam/Library/Application Support/Titanium/mobilesdk/osx/6.0.1.GA/mobileweb/titanium/Ti/UI/PickerRow.js => /Users/dedam/Desktop/AppceleratorMon/ChooseAMonster/build/mobileweb/titanium/Ti/UI/PickerRow.js
[DEBUG]  Copying /Users/dedam/Library/Application Support/Titanium/mobilesdk/osx/6.0.1.GA/mobileweb/titanium/Ti/UI/ProgressBar.js => /Users/dedam/Desktop/AppceleratorMon/ChooseAMonster/build/mobileweb/titanium/Ti/UI/ProgressBar.js
[DEBUG]  Copying /Users/dedam/Library/Application Support/Titanium/mobilesdk/osx/6.0.1.GA/mobileweb/titanium/Ti/UI/ScrollView.js => /Users/dedam/Desktop/AppceleratorMon/ChooseAMonster/build/mobileweb/titanium/Ti/UI/ScrollView.js
[DEBUG]  Copying /Users/dedam/Library/Application Support/Titanium/mobilesdk/osx/6.0.1.GA/mobileweb/titanium/Ti/UI/ScrollableView.js => /Users/dedam/Desktop/AppceleratorMon/ChooseAMonster/build/mobileweb/titanium/Ti/UI/ScrollableView.js
[DEBUG]  Copying /Users/dedam/Library/Application Support/Titanium/mobilesdk/osx/6.0.1.GA/mobileweb/titanium/Ti/UI/Slider.js => /Users/dedam/Desktop/AppceleratorMon/ChooseAMonster/build/mobileweb/titanium/Ti/UI/Slider.js
[DEBUG]  Copying /Users/dedam/Library/Application Support/Titanium/mobilesdk/osx/6.0.1.GA/mobileweb/titanium/Ti/UI/Switch.js => /Users/dedam/Desktop/AppceleratorMon/ChooseAMonster/build/mobileweb/titanium/Ti/UI/Switch.js
[DEBUG]  Copying /Users/dedam/Library/Application Support/Titanium/mobilesdk/osx/6.0.1.GA/mobileweb/titanium/Ti/UI/Tab.js => /Users/dedam/Desktop/AppceleratorMon/ChooseAMonster/build/mobileweb/titanium/Ti/UI/Tab.js
[DEBUG]  Copying /Users/dedam/Library/Application Support/Titanium/mobilesdk/osx/6.0.1.GA/mobileweb/titanium/Ti/UI/TabGroup.js => /Users/dedam/Desktop/AppceleratorMon/ChooseAMonster/build/mobileweb/titanium/Ti/UI/TabGroup.js
[DEBUG]  Copying /Users/dedam/Library/Application Support/Titanium/mobilesdk/osx/6.0.1.GA/mobileweb/titanium/Ti/UI/TableView.js => /Users/dedam/Desktop/AppceleratorMon/ChooseAMonster/build/mobileweb/titanium/Ti/UI/TableView.js
[DEBUG]  Copying /Users/dedam/Library/Application Support/Titanium/mobilesdk/osx/6.0.1.GA/mobileweb/titanium/Ti/UI/TableViewRow.js => /Users/dedam/Desktop/AppceleratorMon/ChooseAMonster/build/mobileweb/titanium/Ti/UI/TableViewRow.js
[DEBUG]  Copying /Users/dedam/Library/Application Support/Titanium/mobilesdk/osx/6.0.1.GA/mobileweb/titanium/Ti/UI/TableViewSection.js => /Users/dedam/Desktop/AppceleratorMon/ChooseAMonster/build/mobileweb/titanium/Ti/UI/TableViewSection.js
[DEBUG]  Copying /Users/dedam/Library/Application Support/Titanium/mobilesdk/osx/6.0.1.GA/mobileweb/titanium/Ti/UI/TextArea.js => /Users/dedam/Desktop/AppceleratorMon/ChooseAMonster/build/mobileweb/titanium/Ti/UI/TextArea.js
[DEBUG]  Copying /Users/dedam/Library/Application Support/Titanium/mobilesdk/osx/6.0.1.GA/mobileweb/titanium/Ti/UI/TextField.js => /Users/dedam/Desktop/AppceleratorMon/ChooseAMonster/build/mobileweb/titanium/Ti/UI/TextField.js
[DEBUG]  Copying /Users/dedam/Library/Application Support/Titanium/mobilesdk/osx/6.0.1.GA/mobileweb/titanium/Ti/UI/View.js => /Users/dedam/Desktop/AppceleratorMon/ChooseAMonster/build/mobileweb/titanium/Ti/UI/View.js
[DEBUG]  Copying /Users/dedam/Library/Application Support/Titanium/mobilesdk/osx/6.0.1.GA/mobileweb/titanium/Ti/UI/WebView.js => /Users/dedam/Desktop/AppceleratorMon/ChooseAMonster/build/mobileweb/titanium/Ti/UI/WebView.js
[DEBUG]  Copying /Users/dedam/Library/Application Support/Titanium/mobilesdk/osx/6.0.1.GA/mobileweb/titanium/Ti/UI/Window.js => /Users/dedam/Desktop/AppceleratorMon/ChooseAMonster/build/mobileweb/titanium/Ti/UI/Window.js
[DEBUG]  Copying /Users/dedam/Library/Application Support/Titanium/mobilesdk/osx/6.0.1.GA/mobileweb/titanium/Ti/UI.js => /Users/dedam/Desktop/AppceleratorMon/ChooseAMonster/build/mobileweb/titanium/Ti/UI.js
[DEBUG]  Copying /Users/dedam/Library/Application Support/Titanium/mobilesdk/osx/6.0.1.GA/mobileweb/titanium/Ti/Utils.js => /Users/dedam/Desktop/AppceleratorMon/ChooseAMonster/build/mobileweb/titanium/Ti/Utils.js
[DEBUG]  Copying /Users/dedam/Library/Application Support/Titanium/mobilesdk/osx/6.0.1.GA/mobileweb/titanium/Ti/XML.js => /Users/dedam/Desktop/AppceleratorMon/ChooseAMonster/build/mobileweb/titanium/Ti/XML.js
[DEBUG]  Copying /Users/dedam/Library/Application Support/Titanium/mobilesdk/osx/6.0.1.GA/mobileweb/titanium/Ti/Yahoo.js => /Users/dedam/Desktop/AppceleratorMon/ChooseAMonster/build/mobileweb/titanium/Ti/Yahoo.js
[DEBUG]  Copying /Users/dedam/Library/Application Support/Titanium/mobilesdk/osx/6.0.1.GA/mobileweb/titanium/Ti/_/Evented.js => /Users/dedam/Desktop/AppceleratorMon/ChooseAMonster/build/mobileweb/titanium/Ti/_/Evented.js
[DEBUG]  Copying /Users/dedam/Library/Application Support/Titanium/mobilesdk/osx/6.0.1.GA/mobileweb/titanium/Ti/_/Filesystem/Local.js => /Users/dedam/Desktop/AppceleratorMon/ChooseAMonster/build/mobileweb/titanium/Ti/_/Filesystem/Local.js
[DEBUG]  Copying /Users/dedam/Library/Application Support/Titanium/mobilesdk/osx/6.0.1.GA/mobileweb/titanium/Ti/_/Gestures/DoubleTap.js => /Users/dedam/Desktop/AppceleratorMon/ChooseAMonster/build/mobileweb/titanium/Ti/_/Gestures/DoubleTap.js
[DEBUG]  Copying /Users/dedam/Library/Application Support/Titanium/mobilesdk/osx/6.0.1.GA/mobileweb/titanium/Ti/_/Gestures/Dragging.js => /Users/dedam/Desktop/AppceleratorMon/ChooseAMonster/build/mobileweb/titanium/Ti/_/Gestures/Dragging.js
[DEBUG]  Copying /Users/dedam/Library/Application Support/Titanium/mobilesdk/osx/6.0.1.GA/mobileweb/titanium/Ti/_/Gestures/LongPress.js => /Users/dedam/Desktop/AppceleratorMon/ChooseAMonster/build/mobileweb/titanium/Ti/_/Gestures/LongPress.js
[DEBUG]  Copying /Users/dedam/Library/Application Support/Titanium/mobilesdk/osx/6.0.1.GA/mobileweb/titanium/Ti/_/Gestures/Pinch.js => /Users/dedam/Desktop/AppceleratorMon/ChooseAMonster/build/mobileweb/titanium/Ti/_/Gestures/Pinch.js
[DEBUG]  Copying /Users/dedam/Library/Application Support/Titanium/mobilesdk/osx/6.0.1.GA/mobileweb/titanium/Ti/_/Gestures/SingleTap.js => /Users/dedam/Desktop/AppceleratorMon/ChooseAMonster/build/mobileweb/titanium/Ti/_/Gestures/SingleTap.js
[DEBUG]  Copying /Users/dedam/Library/Application Support/Titanium/mobilesdk/osx/6.0.1.GA/mobileweb/titanium/Ti/_/Gestures/Swipe.js => /Users/dedam/Desktop/AppceleratorMon/ChooseAMonster/build/mobileweb/titanium/Ti/_/Gestures/Swipe.js
[DEBUG]  Copying /Users/dedam/Library/Application Support/Titanium/mobilesdk/osx/6.0.1.GA/mobileweb/titanium/Ti/_/Gestures/TouchCancel.js => /Users/dedam/Desktop/AppceleratorMon/ChooseAMonster/build/mobileweb/titanium/Ti/_/Gestures/TouchCancel.js
[DEBUG]  Copying /Users/dedam/Library/Application Support/Titanium/mobilesdk/osx/6.0.1.GA/mobileweb/titanium/Ti/_/Gestures/TouchEnd.js => /Users/dedam/Desktop/AppceleratorMon/ChooseAMonster/build/mobileweb/titanium/Ti/_/Gestures/TouchEnd.js
[DEBUG]  Copying /Users/dedam/Library/Application Support/Titanium/mobilesdk/osx/6.0.1.GA/mobileweb/titanium/Ti/_/Gestures/TouchMove.js => /Users/dedam/Desktop/AppceleratorMon/ChooseAMonster/build/mobileweb/titanium/Ti/_/Gestures/TouchMove.js
[DEBUG]  Copying /Users/dedam/Library/Application Support/Titanium/mobilesdk/osx/6.0.1.GA/mobileweb/titanium/Ti/_/Gestures/TouchStart.js => /Users/dedam/Desktop/AppceleratorMon/ChooseAMonster/build/mobileweb/titanium/Ti/_/Gestures/TouchStart.js
[DEBUG]  Copying /Users/dedam/Library/Application Support/Titanium/mobilesdk/osx/6.0.1.GA/mobileweb/titanium/Ti/_/Gestures/TwoFingerTap.js => /Users/dedam/Desktop/AppceleratorMon/ChooseAMonster/build/mobileweb/titanium/Ti/_/Gestures/TwoFingerTap.js
[DEBUG]  Copying /Users/dedam/Library/Application Support/Titanium/mobilesdk/osx/6.0.1.GA/mobileweb/titanium/Ti/_/Layouts/Base.js => /Users/dedam/Desktop/AppceleratorMon/ChooseAMonster/build/mobileweb/titanium/Ti/_/Layouts/Base.js
[DEBUG]  Copying /Users/dedam/Library/Application Support/Titanium/mobilesdk/osx/6.0.1.GA/mobileweb/titanium/Ti/_/Layouts/Composite.js => /Users/dedam/Desktop/AppceleratorMon/ChooseAMonster/build/mobileweb/titanium/Ti/_/Layouts/Composite.js
[DEBUG]  Copying /Users/dedam/Library/Application Support/Titanium/mobilesdk/osx/6.0.1.GA/mobileweb/titanium/Ti/_/Layouts/ConstrainingHorizontal.js => /Users/dedam/Desktop/AppceleratorMon/ChooseAMonster/build/mobileweb/titanium/Ti/_/Layouts/ConstrainingHorizontal.js
[DEBUG]  Copying /Users/dedam/Library/Application Support/Titanium/mobilesdk/osx/6.0.1.GA/mobileweb/titanium/Ti/_/Layouts/ConstrainingVertical.js => /Users/dedam/Desktop/AppceleratorMon/ChooseAMonster/build/mobileweb/titanium/Ti/_/Layouts/ConstrainingVertical.js
[DEBUG]  Copying /Users/dedam/Library/Application Support/Titanium/mobilesdk/osx/6.0.1.GA/mobileweb/titanium/Ti/_/Layouts/Horizontal.js => /Users/dedam/Desktop/AppceleratorMon/ChooseAMonster/build/mobileweb/titanium/Ti/_/Layouts/Horizontal.js
[DEBUG]  Copying /Users/dedam/Library/Application Support/Titanium/mobilesdk/osx/6.0.1.GA/mobileweb/titanium/Ti/_/Layouts/Vertical.js => /Users/dedam/Desktop/AppceleratorMon/ChooseAMonster/build/mobileweb/titanium/Ti/_/Layouts/Vertical.js
[DEBUG]  Copying /Users/dedam/Library/Application Support/Titanium/mobilesdk/osx/6.0.1.GA/mobileweb/titanium/Ti/_/Layouts.js => /Users/dedam/Desktop/AppceleratorMon/ChooseAMonster/build/mobileweb/titanium/Ti/_/Layouts.js
[DEBUG]  Copying /Users/dedam/Library/Application Support/Titanium/mobilesdk/osx/6.0.1.GA/mobileweb/titanium/Ti/_/Map/Google.js => /Users/dedam/Desktop/AppceleratorMon/ChooseAMonster/build/mobileweb/titanium/Ti/_/Map/Google.js
[DEBUG]  Copying /Users/dedam/Library/Application Support/Titanium/mobilesdk/osx/6.0.1.GA/mobileweb/titanium/Ti/_/UI/Element.js => /Users/dedam/Desktop/AppceleratorMon/ChooseAMonster/build/mobileweb/titanium/Ti/_/UI/Element.js
[DEBUG]  Copying /Users/dedam/Library/Application Support/Titanium/mobilesdk/osx/6.0.1.GA/mobileweb/titanium/Ti/_/UI/FontWidget.js => /Users/dedam/Desktop/AppceleratorMon/ChooseAMonster/build/mobileweb/titanium/Ti/_/UI/FontWidget.js
[DEBUG]  Copying /Users/dedam/Library/Application Support/Titanium/mobilesdk/osx/6.0.1.GA/mobileweb/titanium/Ti/_/UI/KineticScrollView.js => /Users/dedam/Desktop/AppceleratorMon/ChooseAMonster/build/mobileweb/titanium/Ti/_/UI/KineticScrollView.js
[DEBUG]  Copying /Users/dedam/Library/Application Support/Titanium/mobilesdk/osx/6.0.1.GA/mobileweb/titanium/Ti/_/UI/SuperView.js => /Users/dedam/Desktop/AppceleratorMon/ChooseAMonster/build/mobileweb/titanium/Ti/_/UI/SuperView.js
[DEBUG]  Copying /Users/dedam/Library/Application Support/Titanium/mobilesdk/osx/6.0.1.GA/mobileweb/titanium/Ti/_/UI/TextBox.js => /Users/dedam/Desktop/AppceleratorMon/ChooseAMonster/build/mobileweb/titanium/Ti/_/UI/TextBox.js
[DEBUG]  Copying /Users/dedam/Library/Application Support/Titanium/mobilesdk/osx/6.0.1.GA/mobileweb/titanium/Ti/_/UI/WebViewBridge.js => /Users/dedam/Desktop/AppceleratorMon/ChooseAMonster/build/mobileweb/titanium/Ti/_/UI/WebViewBridge.js
[DEBUG]  Copying /Users/dedam/Library/Application Support/Titanium/mobilesdk/osx/6.0.1.GA/mobileweb/titanium/Ti/_/UI/Widget.js => /Users/dedam/Desktop/AppceleratorMon/ChooseAMonster/build/mobileweb/titanium/Ti/_/UI/Widget.js
[DEBUG]  Copying /Users/dedam/Library/Application Support/Titanium/mobilesdk/osx/6.0.1.GA/mobileweb/titanium/Ti/_/UI/blank.html => /Users/dedam/Desktop/AppceleratorMon/ChooseAMonster/build/mobileweb/titanium/Ti/_/UI/blank.html
[DEBUG]  Copying /Users/dedam/Library/Application Support/Titanium/mobilesdk/osx/6.0.1.GA/mobileweb/titanium/Ti/_/analytics.js => /Users/dedam/Desktop/AppceleratorMon/ChooseAMonster/build/mobileweb/titanium/Ti/_/analytics.js
[DEBUG]  Copying /Users/dedam/Library/Application Support/Titanium/mobilesdk/osx/6.0.1.GA/mobileweb/titanium/Ti/_/browser.js => /Users/dedam/Desktop/AppceleratorMon/ChooseAMonster/build/mobileweb/titanium/Ti/_/browser.js
[DEBUG]  Copying /Users/dedam/Library/Application Support/Titanium/mobilesdk/osx/6.0.1.GA/mobileweb/titanium/Ti/_/colors.js => /Users/dedam/Desktop/AppceleratorMon/ChooseAMonster/build/mobileweb/titanium/Ti/_/colors.js
[DEBUG]  Copying /Users/dedam/Library/Application Support/Titanium/mobilesdk/osx/6.0.1.GA/mobileweb/titanium/Ti/_/css.js => /Users/dedam/Desktop/AppceleratorMon/ChooseAMonster/build/mobileweb/titanium/Ti/_/css.js
[DEBUG]  Copying /Users/dedam/Library/Application Support/Titanium/mobilesdk/osx/6.0.1.GA/mobileweb/titanium/Ti/_/declare.js => /Users/dedam/Desktop/AppceleratorMon/ChooseAMonster/build/mobileweb/titanium/Ti/_/declare.js
[DEBUG]  Copying /Users/dedam/Library/Application Support/Titanium/mobilesdk/osx/6.0.1.GA/mobileweb/titanium/Ti/_/dom.js => /Users/dedam/Desktop/AppceleratorMon/ChooseAMonster/build/mobileweb/titanium/Ti/_/dom.js
[DEBUG]  Copying /Users/dedam/Library/Application Support/Titanium/mobilesdk/osx/6.0.1.GA/mobileweb/titanium/Ti/_/encoding.js => /Users/dedam/Desktop/AppceleratorMon/ChooseAMonster/build/mobileweb/titanium/Ti/_/encoding.js
[DEBUG]  Copying /Users/dedam/Library/Application Support/Titanium/mobilesdk/osx/6.0.1.GA/mobileweb/titanium/Ti/_/event.js => /Users/dedam/Desktop/AppceleratorMon/ChooseAMonster/build/mobileweb/titanium/Ti/_/event.js
[DEBUG]  Copying /Users/dedam/Library/Application Support/Titanium/mobilesdk/osx/6.0.1.GA/mobileweb/titanium/Ti/_/has.js => /Users/dedam/Desktop/AppceleratorMon/ChooseAMonster/build/mobileweb/titanium/Ti/_/has.js
[DEBUG]  Copying /Users/dedam/Library/Application Support/Titanium/mobilesdk/osx/6.0.1.GA/mobileweb/titanium/Ti/_/image.js => /Users/dedam/Desktop/AppceleratorMon/ChooseAMonster/build/mobileweb/titanium/Ti/_/image.js
[DEBUG]  Copying /Users/dedam/Library/Application Support/Titanium/mobilesdk/osx/6.0.1.GA/mobileweb/titanium/Ti/_/include.js => /Users/dedam/Desktop/AppceleratorMon/ChooseAMonster/build/mobileweb/titanium/Ti/_/include.js
[DEBUG]  Copying /Users/dedam/Library/Application Support/Titanium/mobilesdk/osx/6.0.1.GA/mobileweb/titanium/Ti/_/lang.js => /Users/dedam/Desktop/AppceleratorMon/ChooseAMonster/build/mobileweb/titanium/Ti/_/lang.js
[DEBUG]  Copying /Users/dedam/Library/Application Support/Titanium/mobilesdk/osx/6.0.1.GA/mobileweb/titanium/Ti/_/ready.js => /Users/dedam/Desktop/AppceleratorMon/ChooseAMonster/build/mobileweb/titanium/Ti/_/ready.js
[DEBUG]  Copying /Users/dedam/Library/Application Support/Titanium/mobilesdk/osx/6.0.1.GA/mobileweb/titanium/Ti/_/string.js => /Users/dedam/Desktop/AppceleratorMon/ChooseAMonster/build/mobileweb/titanium/Ti/_/string.js
[DEBUG]  Copying /Users/dedam/Library/Application Support/Titanium/mobilesdk/osx/6.0.1.GA/mobileweb/titanium/Ti/_/style.js => /Users/dedam/Desktop/AppceleratorMon/ChooseAMonster/build/mobileweb/titanium/Ti/_/style.js
[DEBUG]  Copying /Users/dedam/Library/Application Support/Titanium/mobilesdk/osx/6.0.1.GA/mobileweb/titanium/Ti/_/text.js => /Users/dedam/Desktop/AppceleratorMon/ChooseAMonster/build/mobileweb/titanium/Ti/_/text.js
[DEBUG]  Copying /Users/dedam/Library/Application Support/Titanium/mobilesdk/osx/6.0.1.GA/mobileweb/titanium/Ti/_.js => /Users/dedam/Desktop/AppceleratorMon/ChooseAMonster/build/mobileweb/titanium/Ti/_.js
[DEBUG]  Copying /Users/dedam/Library/Application Support/Titanium/mobilesdk/osx/6.0.1.GA/mobileweb/titanium/Ti.js => /Users/dedam/Desktop/AppceleratorMon/ChooseAMonster/build/mobileweb/titanium/Ti.js
[DEBUG]  Copying /Users/dedam/Library/Application Support/Titanium/mobilesdk/osx/6.0.1.GA/mobileweb/titanium/dependencies.json => /Users/dedam/Desktop/AppceleratorMon/ChooseAMonster/build/mobileweb/titanium/dependencies.json
[DEBUG]  Copying /Users/dedam/Library/Application Support/Titanium/mobilesdk/osx/6.0.1.GA/mobileweb/titanium/package.json => /Users/dedam/Desktop/AppceleratorMon/ChooseAMonster/build/mobileweb/titanium/package.json
[DEBUG]  Copying /Users/dedam/Library/Application Support/Titanium/mobilesdk/osx/6.0.1.GA/mobileweb/themes/common.css => /Users/dedam/Desktop/AppceleratorMon/ChooseAMonster/build/mobileweb/themes/common.css
[DEBUG]  Copying /Users/dedam/Library/Application Support/Titanium/mobilesdk/osx/6.0.1.GA/mobileweb/themes/default/Facebook/login.png => /Users/dedam/Desktop/AppceleratorMon/ChooseAMonster/build/mobileweb/themes/default/Facebook/login.png
[DEBUG]  Copying /Users/dedam/Library/Application Support/Titanium/mobilesdk/osx/6.0.1.GA/mobileweb/themes/default/Facebook/loginPressed.png => /Users/dedam/Desktop/AppceleratorMon/ChooseAMonster/build/mobileweb/themes/default/Facebook/loginPressed.png
[DEBUG]  Copying /Users/dedam/Library/Application Support/Titanium/mobilesdk/osx/6.0.1.GA/mobileweb/themes/default/Facebook/loginWide.png => /Users/dedam/Desktop/AppceleratorMon/ChooseAMonster/build/mobileweb/themes/default/Facebook/loginWide.png
[DEBUG]  Copying /Users/dedam/Library/Application Support/Titanium/mobilesdk/osx/6.0.1.GA/mobileweb/themes/default/Facebook/loginWidePressed.png => /Users/dedam/Desktop/AppceleratorMon/ChooseAMonster/build/mobileweb/themes/default/Facebook/loginWidePressed.png
[DEBUG]  Copying /Users/dedam/Library/Application Support/Titanium/mobilesdk/osx/6.0.1.GA/mobileweb/themes/default/Facebook/logout.png => /Users/dedam/Desktop/AppceleratorMon/ChooseAMonster/build/mobileweb/themes/default/Facebook/logout.png
[DEBUG]  Copying /Users/dedam/Library/Application Support/Titanium/mobilesdk/osx/6.0.1.GA/mobileweb/themes/default/Facebook/logoutPressed.png => /Users/dedam/Desktop/AppceleratorMon/ChooseAMonster/build/mobileweb/themes/default/Facebook/logoutPressed.png
[DEBUG]  Copying /Users/dedam/Library/Application Support/Titanium/mobilesdk/osx/6.0.1.GA/mobileweb/themes/default/Map/location.png => /Users/dedam/Desktop/AppceleratorMon/ChooseAMonster/build/mobileweb/themes/default/Map/location.png
[DEBUG]  Copying /Users/dedam/Library/Application Support/Titanium/mobilesdk/osx/6.0.1.GA/mobileweb/themes/default/Map/marker_green.png => /Users/dedam/Desktop/AppceleratorMon/ChooseAMonster/build/mobileweb/themes/default/Map/marker_green.png
[DEBUG]  Copying /Users/dedam/Library/Application Support/Titanium/mobilesdk/osx/6.0.1.GA/mobileweb/themes/default/Map/marker_purple.png => /Users/dedam/Desktop/AppceleratorMon/ChooseAMonster/build/mobileweb/themes/default/Map/marker_purple.png
[DEBUG]  Copying /Users/dedam/Library/Application Support/Titanium/mobilesdk/osx/6.0.1.GA/mobileweb/themes/default/Map/marker_red.png => /Users/dedam/Desktop/AppceleratorMon/ChooseAMonster/build/mobileweb/themes/default/Map/marker_red.png
[DEBUG]  Copying /Users/dedam/Library/Application Support/Titanium/mobilesdk/osx/6.0.1.GA/mobileweb/themes/default/UI/TableViewRow/check.png => /Users/dedam/Desktop/AppceleratorMon/ChooseAMonster/build/mobileweb/themes/default/UI/TableViewRow/check.png
[DEBUG]  Copying /Users/dedam/Library/Application Support/Titanium/mobilesdk/osx/6.0.1.GA/mobileweb/themes/default/UI/TableViewRow/child.png => /Users/dedam/Desktop/AppceleratorMon/ChooseAMonster/build/mobileweb/themes/default/UI/TableViewRow/child.png
[DEBUG]  Copying /Users/dedam/Library/Application Support/Titanium/mobilesdk/osx/6.0.1.GA/mobileweb/themes/default/UI/TableViewRow/detail.png => /Users/dedam/Desktop/AppceleratorMon/ChooseAMonster/build/mobileweb/themes/default/UI/TableViewRow/detail.png
[DEBUG]  Copying /Users/dedam/Library/Application Support/Titanium/mobilesdk/osx/6.0.1.GA/mobileweb/themes/default/UI/TableViewRow/detailActive.png => /Users/dedam/Desktop/AppceleratorMon/ChooseAMonster/build/mobileweb/themes/default/UI/TableViewRow/detailActive.png
[DEBUG]  Copying /Users/dedam/Library/Application Support/Titanium/mobilesdk/osx/6.0.1.GA/mobileweb/themes/default/default.css => /Users/dedam/Desktop/AppceleratorMon/ChooseAMonster/build/mobileweb/themes/default/default.css
[DEBUG]  Copying /Users/dedam/Desktop/AppceleratorMon/ChooseAMonster/Resources/Controller.js => /Users/dedam/Desktop/AppceleratorMon/ChooseAMonster/build/mobileweb/Controller.js
[DEBUG]  Copying /Users/dedam/Desktop/AppceleratorMon/ChooseAMonster/Resources/app.js => /Users/dedam/Desktop/AppceleratorMon/ChooseAMonster/build/mobileweb/app.js
[DEBUG]  Copying /Users/dedam/Desktop/AppceleratorMon/ChooseAMonster/Resources/assets/images/1.png => /Users/dedam/Desktop/AppceleratorMon/ChooseAMonster/build/mobileweb/assets/images/1.png
[DEBUG]  Copying /Users/dedam/Desktop/AppceleratorMon/ChooseAMonster/Resources/assets/images/2.png => /Users/dedam/Desktop/AppceleratorMon/ChooseAMonster/build/mobileweb/assets/images/2.png
[DEBUG]  Copying /Users/dedam/Desktop/AppceleratorMon/ChooseAMonster/Resources/assets/images/3.png => /Users/dedam/Desktop/AppceleratorMon/ChooseAMonster/build/mobileweb/assets/images/3.png
[DEBUG]  Copying /Users/dedam/Desktop/AppceleratorMon/ChooseAMonster/Resources/assets/images/4.png => /Users/dedam/Desktop/AppceleratorMon/ChooseAMonster/build/mobileweb/assets/images/4.png
[DEBUG]  Copying /Users/dedam/Desktop/AppceleratorMon/ChooseAMonster/Resources/assets/images/5.png => /Users/dedam/Desktop/AppceleratorMon/ChooseAMonster/build/mobileweb/assets/images/5.png
[DEBUG]  Copying /Users/dedam/Desktop/AppceleratorMon/ChooseAMonster/Resources/assets/images/6.png => /Users/dedam/Desktop/AppceleratorMon/ChooseAMonster/build/mobileweb/assets/images/6.png
[DEBUG]  Copying /Users/dedam/Desktop/AppceleratorMon/ChooseAMonster/Resources/assets/images/7.png => /Users/dedam/Desktop/AppceleratorMon/ChooseAMonster/build/mobileweb/assets/images/7.png
[DEBUG]  Copying /Users/dedam/Desktop/AppceleratorMon/ChooseAMonster/Resources/assets/images/8.png => /Users/dedam/Desktop/AppceleratorMon/ChooseAMonster/build/mobileweb/assets/images/8.png
[DEBUG]  Copying /Users/dedam/Desktop/AppceleratorMon/ChooseAMonster/Resources/assets/images/headerbg.png => /Users/dedam/Desktop/AppceleratorMon/ChooseAMonster/build/mobileweb/assets/images/headerbg.png
[DEBUG]  Copying /Users/dedam/Desktop/AppceleratorMon/ChooseAMonster/Resources/assets/images/tab1.png => /Users/dedam/Desktop/AppceleratorMon/ChooseAMonster/build/mobileweb/assets/images/tab1.png
[DEBUG]  Copying /Users/dedam/Desktop/AppceleratorMon/ChooseAMonster/Resources/assets/images/tab1@2x.png => /Users/dedam/Desktop/AppceleratorMon/ChooseAMonster/build/mobileweb/assets/images/tab1@2x.png
[DEBUG]  Copying /Users/dedam/Desktop/AppceleratorMon/ChooseAMonster/Resources/assets/images/tab1@3x.png => /Users/dedam/Desktop/AppceleratorMon/ChooseAMonster/build/mobileweb/assets/images/tab1@3x.png
[DEBUG]  Copying /Users/dedam/Desktop/AppceleratorMon/ChooseAMonster/Resources/assets/images/tab2.png => /Users/dedam/Desktop/AppceleratorMon/ChooseAMonster/build/mobileweb/assets/images/tab2.png
[DEBUG]  Copying /Users/dedam/Desktop/AppceleratorMon/ChooseAMonster/Resources/assets/images/tab2@2x.png => /Users/dedam/Desktop/AppceleratorMon/ChooseAMonster/build/mobileweb/assets/images/tab2@2x.png
[DEBUG]  Copying /Users/dedam/Desktop/AppceleratorMon/ChooseAMonster/Resources/assets/images/tab2@3x.png => /Users/dedam/Desktop/AppceleratorMon/ChooseAMonster/build/mobileweb/assets/images/tab2@3x.png
[DEBUG]  Copying /Users/dedam/Desktop/AppceleratorMon/ChooseAMonster/Resources/data/monster_data.js => /Users/dedam/Desktop/AppceleratorMon/ChooseAMonster/build/mobileweb/data/monster_data.js
[DEBUG]  Copying /Users/dedam/Desktop/AppceleratorMon/ChooseAMonster/Resources/view/components/ElementList.js => /Users/dedam/Desktop/AppceleratorMon/ChooseAMonster/build/mobileweb/view/components/ElementList.js
[DEBUG]  Copying /Users/dedam/Desktop/AppceleratorMon/ChooseAMonster/Resources/view/components/Header.js => /Users/dedam/Desktop/AppceleratorMon/ChooseAMonster/build/mobileweb/view/components/Header.js
[DEBUG]  Copying /Users/dedam/Desktop/AppceleratorMon/ChooseAMonster/Resources/view/components/TableRowList.js => /Users/dedam/Desktop/AppceleratorMon/ChooseAMonster/build/mobileweb/view/components/TableRowList.js
[DEBUG]  Copying /Users/dedam/Desktop/AppceleratorMon/ChooseAMonster/Resources/view/screens/MonsterDetail.js => /Users/dedam/Desktop/AppceleratorMon/ChooseAMonster/build/mobileweb/view/screens/MonsterDetail.js
[DEBUG]  Copying /Users/dedam/Desktop/AppceleratorMon/ChooseAMonster/Resources/view/screens/Monsters.js => /Users/dedam/Desktop/AppceleratorMon/ChooseAMonster/build/mobileweb/view/screens/Monsters.js
[INFO]   Finding all Titanium API dependencies
[INFO]   Creating favicon and Apple touch icons
[DEBUG]  Copying /Users/dedam/Library/Application Support/Titanium/mobilesdk/osx/6.0.1.GA/mobileweb/templates/app/default/template/Resources/mobileweb/appicon.png => /Users/dedam/Desktop/AppceleratorMon/ChooseAMonster/build/mobileweb/appicon.png
[TRACE]  Resizing images: java -jar "/Users/dedam/Library/Application Support/Titanium/mobilesdk/osx/6.0.1.GA/node_modules/node-appc/tools/resizer/resizer.jar" "/Users/dedam/Library/Application Support/Titanium/mobilesdk/osx/6.0.1.GA/mobileweb/templates/app/default/template/Resources/mobileweb/appicon.png" "/Users/dedam/Desktop/AppceleratorMon/ChooseAMonster/build/mobileweb/favicon.png" 16 16 "/Users/dedam/Desktop/AppceleratorMon/ChooseAMonster/build/mobileweb/apple-touch-icon-precomposed.png" 57 57 "/Users/dedam/Desktop/AppceleratorMon/ChooseAMonster/build/mobileweb/apple-touch-icon-57x57-precomposed.png" 57 57 "/Users/dedam/Desktop/AppceleratorMon/ChooseAMonster/build/mobileweb/apple-touch-icon-72x72-precomposed.png" 72 72 "/Users/dedam/Desktop/AppceleratorMon/ChooseAMonster/build/mobileweb/apple-touch-icon-114x114-precomposed.png" 114 114 "/Users/dedam/Desktop/AppceleratorMon/ChooseAMonster/build/mobileweb/appicon144.png" 144 144
[INFO]   Finding all required modules to be cached
[INFO]   Finding all precached modules
[INFO]   Finding all precached images
[INFO]   Finding all distinct cached modules
[INFO]   Found 112 dependencies, 1 package, 112 modules
[INFO]   Assembling titanium.js
[INFO]   Assembling titanium.css
[INFO]   Analyzing JavaScript
[DEBUG]  Analyzing /Users/dedam/Desktop/AppceleratorMon/ChooseAMonster/build/mobileweb/Controller.js
[DEBUG]  Analyzing /Users/dedam/Desktop/AppceleratorMon/ChooseAMonster/build/mobileweb/app.js
[DEBUG]  Analyzing /Users/dedam/Desktop/AppceleratorMon/ChooseAMonster/build/mobileweb/data/monster_data.js
[DEBUG]  Analyzing /Users/dedam/Desktop/AppceleratorMon/ChooseAMonster/build/mobileweb/titanium/Ti/API.js
[DEBUG]  Analyzing /Users/dedam/Desktop/AppceleratorMon/ChooseAMonster/build/mobileweb/titanium/Ti/Accelerometer.js
[DEBUG]  Analyzing /Users/dedam/Desktop/AppceleratorMon/ChooseAMonster/build/mobileweb/titanium/Ti/Analytics.js
[DEBUG]  Analyzing /Users/dedam/Desktop/AppceleratorMon/ChooseAMonster/build/mobileweb/titanium/Ti/App/Properties.js
[DEBUG]  Analyzing /Users/dedam/Desktop/AppceleratorMon/ChooseAMonster/build/mobileweb/titanium/Ti/App.js
[DEBUG]  Analyzing /Users/dedam/Desktop/AppceleratorMon/ChooseAMonster/build/mobileweb/titanium/Ti/Blob.js
[DEBUG]  Analyzing /Users/dedam/Desktop/AppceleratorMon/ChooseAMonster/build/mobileweb/titanium/Ti/BlobStream.js
[DEBUG]  Analyzing /Users/dedam/Desktop/AppceleratorMon/ChooseAMonster/build/mobileweb/titanium/Ti/Buffer.js
[DEBUG]  Analyzing /Users/dedam/Desktop/AppceleratorMon/ChooseAMonster/build/mobileweb/titanium/Ti/BufferStream.js
[DEBUG]  Analyzing /Users/dedam/Desktop/AppceleratorMon/ChooseAMonster/build/mobileweb/titanium/Ti/Codec.js
[DEBUG]  Analyzing /Users/dedam/Desktop/AppceleratorMon/ChooseAMonster/build/mobileweb/titanium/Ti/Facebook/LoginButton.js
[DEBUG]  Analyzing /Users/dedam/Desktop/AppceleratorMon/ChooseAMonster/build/mobileweb/titanium/Ti/Facebook.js
[DEBUG]  Analyzing /Users/dedam/Desktop/AppceleratorMon/ChooseAMonster/build/mobileweb/titanium/Ti/Filesystem/File.js
[DEBUG]  Analyzing /Users/dedam/Desktop/AppceleratorMon/ChooseAMonster/build/mobileweb/titanium/Ti/Filesystem/FileStream.js
[DEBUG]  Analyzing /Users/dedam/Desktop/AppceleratorMon/ChooseAMonster/build/mobileweb/titanium/Ti/Filesystem.js
[DEBUG]  Analyzing /Users/dedam/Desktop/AppceleratorMon/ChooseAMonster/build/mobileweb/titanium/Ti/Geolocation.js
[DEBUG]  Analyzing /Users/dedam/Desktop/AppceleratorMon/ChooseAMonster/build/mobileweb/titanium/Ti/Gesture.js
[DEBUG]  Analyzing /Users/dedam/Desktop/AppceleratorMon/ChooseAMonster/build/mobileweb/titanium/Ti/IOStream.js
[DEBUG]  Analyzing /Users/dedam/Desktop/AppceleratorMon/ChooseAMonster/build/mobileweb/titanium/Ti/Locale.js
[DEBUG]  Analyzing /Users/dedam/Desktop/AppceleratorMon/ChooseAMonster/build/mobileweb/titanium/Ti/Map/Annotation.js
[DEBUG]  Analyzing /Users/dedam/Desktop/AppceleratorMon/ChooseAMonster/build/mobileweb/titanium/Ti/Map/View.js
[DEBUG]  Analyzing /Users/dedam/Desktop/AppceleratorMon/ChooseAMonster/build/mobileweb/titanium/Ti/Map.js
[DEBUG]  Analyzing /Users/dedam/Desktop/AppceleratorMon/ChooseAMonster/build/mobileweb/titanium/Ti/Media/AudioPlayer.js
[DEBUG]  Analyzing /Users/dedam/Desktop/AppceleratorMon/ChooseAMonster/build/mobileweb/titanium/Ti/Media/Sound.js
[DEBUG]  Analyzing /Users/dedam/Desktop/AppceleratorMon/ChooseAMonster/build/mobileweb/titanium/Ti/Media/VideoPlayer.js
[DEBUG]  Analyzing /Users/dedam/Desktop/AppceleratorMon/ChooseAMonster/build/mobileweb/titanium/Ti/Media.js
[DEBUG]  Analyzing /Users/dedam/Desktop/AppceleratorMon/ChooseAMonster/build/mobileweb/titanium/Ti/Network/HTTPClient.js
[DEBUG]  Analyzing /Users/dedam/Desktop/AppceleratorMon/ChooseAMonster/build/mobileweb/titanium/Ti/Network.js
[DEBUG]  Analyzing /Users/dedam/Desktop/AppceleratorMon/ChooseAMonster/build/mobileweb/titanium/Ti/Platform/DisplayCaps.js
[DEBUG]  Analyzing /Users/dedam/Desktop/AppceleratorMon/ChooseAMonster/build/mobileweb/titanium/Ti/Platform.js
[DEBUG]  Analyzing /Users/dedam/Desktop/AppceleratorMon/ChooseAMonster/build/mobileweb/titanium/Ti/UI/2DMatrix.js
[DEBUG]  Analyzing /Users/dedam/Desktop/AppceleratorMon/ChooseAMonster/build/mobileweb/titanium/Ti/UI/ActivityIndicator.js
[DEBUG]  Analyzing /Users/dedam/Desktop/AppceleratorMon/ChooseAMonster/build/mobileweb/titanium/Ti/UI/ActivityIndicatorStyle.js
[DEBUG]  Analyzing /Users/dedam/Desktop/AppceleratorMon/ChooseAMonster/build/mobileweb/titanium/Ti/UI/AlertDialog.js
[DEBUG]  Analyzing /Users/dedam/Desktop/AppceleratorMon/ChooseAMonster/build/mobileweb/titanium/Ti/UI/Animation.js
[DEBUG]  Analyzing /Users/dedam/Desktop/AppceleratorMon/ChooseAMonster/build/mobileweb/titanium/Ti/UI/Button.js
[DEBUG]  Analyzing /Users/dedam/Desktop/AppceleratorMon/ChooseAMonster/build/mobileweb/titanium/Ti/UI/Clipboard.js
[DEBUG]  Analyzing /Users/dedam/Desktop/AppceleratorMon/ChooseAMonster/build/mobileweb/titanium/Ti/UI/EmailDialog.js
[DEBUG]  Analyzing /Users/dedam/Desktop/AppceleratorMon/ChooseAMonster/build/mobileweb/titanium/Ti/UI/ImageView.js
[DEBUG]  Analyzing /Users/dedam/Desktop/AppceleratorMon/ChooseAMonster/build/mobileweb/titanium/Ti/UI/Label.js
[DEBUG]  Analyzing /Users/dedam/Desktop/AppceleratorMon/ChooseAMonster/build/mobileweb/titanium/Ti/UI/MobileWeb/NavigationGroup.js
[DEBUG]  Analyzing /Users/dedam/Desktop/AppceleratorMon/ChooseAMonster/build/mobileweb/titanium/Ti/UI/MobileWeb/TableViewSeparatorStyle.js
[DEBUG]  Analyzing /Users/dedam/Desktop/AppceleratorMon/ChooseAMonster/build/mobileweb/titanium/Ti/UI/MobileWeb.js
[DEBUG]  Analyzing /Users/dedam/Desktop/AppceleratorMon/ChooseAMonster/build/mobileweb/titanium/Ti/UI/OptionDialog.js
[DEBUG]  Analyzing /Users/dedam/Desktop/AppceleratorMon/ChooseAMonster/build/mobileweb/titanium/Ti/UI/Picker.js
[DEBUG]  Analyzing /Users/dedam/Desktop/AppceleratorMon/ChooseAMonster/build/mobileweb/titanium/Ti/UI/PickerColumn.js
[DEBUG]  Analyzing /Users/dedam/Desktop/AppceleratorMon/ChooseAMonster/build/mobileweb/titanium/Ti/UI/PickerRow.js
[DEBUG]  Analyzing /Users/dedam/Desktop/AppceleratorMon/ChooseAMonster/build/mobileweb/titanium/Ti/UI/ProgressBar.js
[DEBUG]  Analyzing /Users/dedam/Desktop/AppceleratorMon/ChooseAMonster/build/mobileweb/titanium/Ti/UI/ScrollView.js
[DEBUG]  Analyzing /Users/dedam/Desktop/AppceleratorMon/ChooseAMonster/build/mobileweb/titanium/Ti/UI/ScrollableView.js
[DEBUG]  Analyzing /Users/dedam/Desktop/AppceleratorMon/ChooseAMonster/build/mobileweb/titanium/Ti/UI/Slider.js
[DEBUG]  Analyzing /Users/dedam/Desktop/AppceleratorMon/ChooseAMonster/build/mobileweb/titanium/Ti/UI/Switch.js
[DEBUG]  Analyzing /Users/dedam/Desktop/AppceleratorMon/ChooseAMonster/build/mobileweb/titanium/Ti/UI/Tab.js
[DEBUG]  Analyzing /Users/dedam/Desktop/AppceleratorMon/ChooseAMonster/build/mobileweb/titanium/Ti/UI/TabGroup.js
[DEBUG]  Analyzing /Users/dedam/Desktop/AppceleratorMon/ChooseAMonster/build/mobileweb/titanium/Ti/UI/TableView.js
[DEBUG]  Analyzing /Users/dedam/Desktop/AppceleratorMon/ChooseAMonster/build/mobileweb/titanium/Ti/UI/TableViewRow.js
[DEBUG]  Analyzing /Users/dedam/Desktop/AppceleratorMon/ChooseAMonster/build/mobileweb/titanium/Ti/UI/TableViewSection.js
[DEBUG]  Analyzing /Users/dedam/Desktop/AppceleratorMon/ChooseAMonster/build/mobileweb/titanium/Ti/UI/TextArea.js
[DEBUG]  Analyzing /Users/dedam/Desktop/AppceleratorMon/ChooseAMonster/build/mobileweb/titanium/Ti/UI/TextField.js
[DEBUG]  Analyzing /Users/dedam/Desktop/AppceleratorMon/ChooseAMonster/build/mobileweb/titanium/Ti/UI/View.js
[DEBUG]  Analyzing /Users/dedam/Desktop/AppceleratorMon/ChooseAMonster/build/mobileweb/titanium/Ti/UI/WebView.js
[DEBUG]  Analyzing /Users/dedam/Desktop/AppceleratorMon/ChooseAMonster/build/mobileweb/titanium/Ti/UI/Window.js
[DEBUG]  Analyzing /Users/dedam/Desktop/AppceleratorMon/ChooseAMonster/build/mobileweb/titanium/Ti/UI.js
[DEBUG]  Analyzing /Users/dedam/Desktop/AppceleratorMon/ChooseAMonster/build/mobileweb/titanium/Ti/Utils.js
[DEBUG]  Analyzing /Users/dedam/Desktop/AppceleratorMon/ChooseAMonster/build/mobileweb/titanium/Ti/XML.js
[DEBUG]  Analyzing /Users/dedam/Desktop/AppceleratorMon/ChooseAMonster/build/mobileweb/titanium/Ti/Yahoo.js
[DEBUG]  Analyzing /Users/dedam/Desktop/AppceleratorMon/ChooseAMonster/build/mobileweb/titanium/Ti/_/Evented.js
[DEBUG]  Analyzing /Users/dedam/Desktop/AppceleratorMon/ChooseAMonster/build/mobileweb/titanium/Ti/_/Filesystem/Local.js
[DEBUG]  Analyzing /Users/dedam/Desktop/AppceleratorMon/ChooseAMonster/build/mobileweb/titanium/Ti/_/Gestures/DoubleTap.js
[DEBUG]  Analyzing /Users/dedam/Desktop/AppceleratorMon/ChooseAMonster/build/mobileweb/titanium/Ti/_/Gestures/Dragging.js
[DEBUG]  Analyzing /Users/dedam/Desktop/AppceleratorMon/ChooseAMonster/build/mobileweb/titanium/Ti/_/Gestures/LongPress.js
[DEBUG]  Analyzing /Users/dedam/Desktop/AppceleratorMon/ChooseAMonster/build/mobileweb/titanium/Ti/_/Gestures/Pinch.js
[DEBUG]  Analyzing /Users/dedam/Desktop/AppceleratorMon/ChooseAMonster/build/mobileweb/titanium/Ti/_/Gestures/SingleTap.js
[DEBUG]  Analyzing /Users/dedam/Desktop/AppceleratorMon/ChooseAMonster/build/mobileweb/titanium/Ti/_/Gestures/Swipe.js
[DEBUG]  Analyzing /Users/dedam/Desktop/AppceleratorMon/ChooseAMonster/build/mobileweb/titanium/Ti/_/Gestures/TouchCancel.js
[DEBUG]  Analyzing /Users/dedam/Desktop/AppceleratorMon/ChooseAMonster/build/mobileweb/titanium/Ti/_/Gestures/TouchEnd.js
[DEBUG]  Analyzing /Users/dedam/Desktop/AppceleratorMon/ChooseAMonster/build/mobileweb/titanium/Ti/_/Gestures/TouchMove.js
[DEBUG]  Analyzing /Users/dedam/Desktop/AppceleratorMon/ChooseAMonster/build/mobileweb/titanium/Ti/_/Gestures/TouchStart.js
[DEBUG]  Analyzing /Users/dedam/Desktop/AppceleratorMon/ChooseAMonster/build/mobileweb/titanium/Ti/_/Gestures/TwoFingerTap.js
[DEBUG]  Analyzing /Users/dedam/Desktop/AppceleratorMon/ChooseAMonster/build/mobileweb/titanium/Ti/_/Layouts/Base.js
[DEBUG]  Analyzing /Users/dedam/Desktop/AppceleratorMon/ChooseAMonster/build/mobileweb/titanium/Ti/_/Layouts/Composite.js
[DEBUG]  Analyzing /Users/dedam/Desktop/AppceleratorMon/ChooseAMonster/build/mobileweb/titanium/Ti/_/Layouts/ConstrainingHorizontal.js
[DEBUG]  Analyzing /Users/dedam/Desktop/AppceleratorMon/ChooseAMonster/build/mobileweb/titanium/Ti/_/Layouts/ConstrainingVertical.js
[DEBUG]  Analyzing /Users/dedam/Desktop/AppceleratorMon/ChooseAMonster/build/mobileweb/titanium/Ti/_/Layouts/Horizontal.js
[DEBUG]  Analyzing /Users/dedam/Desktop/AppceleratorMon/ChooseAMonster/build/mobileweb/titanium/Ti/_/Layouts/Vertical.js
[DEBUG]  Analyzing /Users/dedam/Desktop/AppceleratorMon/ChooseAMonster/build/mobileweb/titanium/Ti/_/Layouts.js
[DEBUG]  Analyzing /Users/dedam/Desktop/AppceleratorMon/ChooseAMonster/build/mobileweb/titanium/Ti/_/Map/Google.js
[DEBUG]  Analyzing /Users/dedam/Desktop/AppceleratorMon/ChooseAMonster/build/mobileweb/titanium/Ti/_/UI/Element.js
[DEBUG]  Analyzing /Users/dedam/Desktop/AppceleratorMon/ChooseAMonster/build/mobileweb/titanium/Ti/_/UI/FontWidget.js
[DEBUG]  Analyzing /Users/dedam/Desktop/AppceleratorMon/ChooseAMonster/build/mobileweb/titanium/Ti/_/UI/KineticScrollView.js
[DEBUG]  Analyzing /Users/dedam/Desktop/AppceleratorMon/ChooseAMonster/build/mobileweb/titanium/Ti/_/UI/SuperView.js
[DEBUG]  Analyzing /Users/dedam/Desktop/AppceleratorMon/ChooseAMonster/build/mobileweb/titanium/Ti/_/UI/TextBox.js
[DEBUG]  Analyzing /Users/dedam/Desktop/AppceleratorMon/ChooseAMonster/build/mobileweb/titanium/Ti/_/UI/WebViewBridge.js
[DEBUG]  Analyzing /Users/dedam/Desktop/AppceleratorMon/ChooseAMonster/build/mobileweb/titanium/Ti/_/UI/Widget.js
[DEBUG]  Analyzing /Users/dedam/Desktop/AppceleratorMon/ChooseAMonster/build/mobileweb/titanium/Ti/_/analytics.js
[DEBUG]  Analyzing /Users/dedam/Desktop/AppceleratorMon/ChooseAMonster/build/mobileweb/titanium/Ti/_/browser.js
[DEBUG]  Analyzing /Users/dedam/Desktop/AppceleratorMon/ChooseAMonster/build/mobileweb/titanium/Ti/_/colors.js
[DEBUG]  Analyzing /Users/dedam/Desktop/AppceleratorMon/ChooseAMonster/build/mobileweb/titanium/Ti/_/css.js
[DEBUG]  Analyzing /Users/dedam/Desktop/AppceleratorMon/ChooseAMonster/build/mobileweb/titanium/Ti/_/declare.js
[DEBUG]  Analyzing /Users/dedam/Desktop/AppceleratorMon/ChooseAMonster/build/mobileweb/titanium/Ti/_/dom.js
[DEBUG]  Analyzing /Users/dedam/Desktop/AppceleratorMon/ChooseAMonster/build/mobileweb/titanium/Ti/_/encoding.js
[DEBUG]  Analyzing /Users/dedam/Desktop/AppceleratorMon/ChooseAMonster/build/mobileweb/titanium/Ti/_/event.js
[DEBUG]  Analyzing /Users/dedam/Desktop/AppceleratorMon/ChooseAMonster/build/mobileweb/titanium/Ti/_/has.js
[DEBUG]  Analyzing /Users/dedam/Desktop/AppceleratorMon/ChooseAMonster/build/mobileweb/titanium/Ti/_/image.js
[DEBUG]  Analyzing /Users/dedam/Desktop/AppceleratorMon/ChooseAMonster/build/mobileweb/titanium/Ti/_/include.js
[DEBUG]  Analyzing /Users/dedam/Desktop/AppceleratorMon/ChooseAMonster/build/mobileweb/titanium/Ti/_/lang.js
[DEBUG]  Analyzing /Users/dedam/Desktop/AppceleratorMon/ChooseAMonster/build/mobileweb/titanium/Ti/_/ready.js
[DEBUG]  Analyzing /Users/dedam/Desktop/AppceleratorMon/ChooseAMonster/build/mobileweb/titanium/Ti/_/string.js
[DEBUG]  Analyzing /Users/dedam/Desktop/AppceleratorMon/ChooseAMonster/build/mobileweb/titanium/Ti/_/style.js
[DEBUG]  Analyzing /Users/dedam/Desktop/AppceleratorMon/ChooseAMonster/build/mobileweb/titanium/Ti/_/text.js
[DEBUG]  Analyzing /Users/dedam/Desktop/AppceleratorMon/ChooseAMonster/build/mobileweb/titanium/Ti/_.js
[DEBUG]  Analyzing /Users/dedam/Desktop/AppceleratorMon/ChooseAMonster/build/mobileweb/titanium/Ti.js
[DEBUG]  Analyzing /Users/dedam/Desktop/AppceleratorMon/ChooseAMonster/build/mobileweb/titanium.js
[DEBUG]  Analyzing /Users/dedam/Desktop/AppceleratorMon/ChooseAMonster/build/mobileweb/view/components/ElementList.js
[DEBUG]  Analyzing /Users/dedam/Desktop/AppceleratorMon/ChooseAMonster/build/mobileweb/view/components/Header.js
[DEBUG]  Analyzing /Users/dedam/Desktop/AppceleratorMon/ChooseAMonster/build/mobileweb/view/components/TableRowList.js
[DEBUG]  Analyzing /Users/dedam/Desktop/AppceleratorMon/ChooseAMonster/build/mobileweb/view/screens/MonsterDetail.js
[DEBUG]  Analyzing /Users/dedam/Desktop/AppceleratorMon/ChooseAMonster/build/mobileweb/view/screens/Monsters.js
[INFO]   Creating the filesystem registry
[INFO]   Creating the index.html
[INFO]   Project built successfully in 3s 413ms
