
3/3/2017, 8:26:53 PM

Operating System
  Name                        = Mac OS X
  Version                     = 10.12.3
  Architecture                = 64bit
  # CPUs                      = 4
  Memory                      = 4294967296

Node.js
  Node.js Version             = 4.6.0
  npm Version                 = 2.15.9

Titanium CLI
  CLI Version                 = 5.0.11

Titanium SDK
  SDK Version                 = 6.0.1.GA
  SDK Path                    = /Users/dedam/Library/Application Support/Titanium/mobilesdk/osx/6.0.1.GA
  Target Platform             = iphone

Command
  /usr/local/bin/node /Users/dedam/.appcelerator/install/6.1.0/package/node_modules/titanium/lib/titanium.js build run --platform ios --log-level trace --sdk 6.0.1.GA --project-dir /Users/dedam/Desktop/AppceleratorMon/ChooseAMonster --target simulator --ios-version 10.2 --device-family universal --deploy-type development --sim-type iphone --sim-version 10.2 --device-id BEA86558-DC8A-4D13-941B-C5983D145290 --skip-js-minify --no-colors --no-progress-bars --no-prompt --prompt-type socket-bundle --prompt-port 49304 --config-file /var/folders/ny/88xmw3fd2mnc8ph1wbs1s7rw0000gn/T/build-1488569211121.json --no-banner --project-dir /Users/dedam/Desktop/AppceleratorMon/ChooseAMonster

[TRACE]  [ioslib] Validating iOS Simulator UDID BEA86558-DC8A-4D13-941B-C5983D145290
[TRACE]  [ioslib] Found iOS Simulator UDID BEA86558-DC8A-4D13-941B-C5983D145290
[TRACE]  [ioslib] Selected iOS Simulator: iPhone 6s
[TRACE]  [ioslib]   UDID    = BEA86558-DC8A-4D13-941B-C5983D145290
[TRACE]  [ioslib]   iOS     = 10.2
[TRACE]  [ioslib] Autoselected Xcode: 8.2.1
[DEBUG]  Detecting modules in /Users/dedam/Library/Application Support/Titanium/modules
[DEBUG]  Detected android module: facebook 6.0.1 @ /Users/dedam/Library/Application Support/Titanium/modules/android/facebook/6.0.1
[DEBUG]  Detected android module: hyperloop 1.2.8 @ /Users/dedam/Library/Application Support/Titanium/modules/android/hyperloop/1.2.8
[DEBUG]  Detected android module: hyperloop 2.0.0 @ /Users/dedam/Library/Application Support/Titanium/modules/android/hyperloop/2.0.0
[DEBUG]  Detected android module: ti.cloudpush 4.0.3 @ /Users/dedam/Library/Application Support/Titanium/modules/android/ti.cloudpush/4.0.3
[DEBUG]  Detected android module: ti.map 3.0.1 @ /Users/dedam/Library/Application Support/Titanium/modules/android/ti.map/3.0.1
[DEBUG]  Detected android module: ti.touchid 2.0.1 @ /Users/dedam/Library/Application Support/Titanium/modules/android/ti.touchid/2.0.1
[DEBUG]  Detected commonjs module: ti.cloud 3.2.11 @ /Users/dedam/Library/Application Support/Titanium/modules/commonjs/ti.cloud/3.2.11
[DEBUG]  Detected iphone module: com.appcelerator.urlSession 2.0.0 @ /Users/dedam/Library/Application Support/Titanium/modules/iphone/com.appcelerator.urlSession/2.0.0
[DEBUG]  Detected iphone module: facebook 5.2.9 @ /Users/dedam/Library/Application Support/Titanium/modules/iphone/facebook/5.2.9
[DEBUG]  Detected iphone module: hyperloop 1.2.8 @ /Users/dedam/Library/Application Support/Titanium/modules/iphone/hyperloop/1.2.8
[DEBUG]  Detected iphone module: hyperloop 2.0.0 @ /Users/dedam/Library/Application Support/Titanium/modules/iphone/hyperloop/2.0.0
[DEBUG]  Detected iphone module: ti.coremotion 2.0.0 @ /Users/dedam/Library/Application Support/Titanium/modules/iphone/ti.coremotion/2.0.0
[DEBUG]  Detected iphone module: ti.map 2.8.0 @ /Users/dedam/Library/Application Support/Titanium/modules/iphone/ti.map/2.8.0
[DEBUG]  Detected iphone module: ti.safaridialog 1.1.1 @ /Users/dedam/Library/Application Support/Titanium/modules/iphone/ti.safaridialog/1.1.1
[DEBUG]  Detected iphone module: ti.touchid 1.2.2 @ /Users/dedam/Library/Application Support/Titanium/modules/iphone/ti.touchid/1.2.2
[DEBUG]  No project level plugins to load
[TRACE]  Snapshotting build directory
[DEBUG]  Checking if log server port 22992 is available
[DEBUG]  Log server port 22992 is in use, testing if it's the app we're building
[DEBUG]  The log server port is being used by the app being built, continuing
[DEBUG]  Titanium SDK iOS directory: /Users/dedam/Library/Application Support/Titanium/mobilesdk/osx/6.0.1.GA/iphone
[INFO]   Deploy type: development
[INFO]   Building for target: simulator
[INFO]   Building using iOS SDK: 10.2
[INFO]   Building for iOS Simulator: iPhone 6s
[DEBUG]  UDID: BEA86558-DC8A-4D13-941B-C5983D145290
[DEBUG]  Simulator type: iphone
[DEBUG]  Simulator version: 10.2
[INFO]   Building for device family: universal
[DEBUG]  Setting Xcode target to Debug
[DEBUG]  Setting Xcode build OS to iphonesimulator
[DEBUG]  Xcode installation: /Applications/Xcode.app/Contents/Developer
[DEBUG]  iOS WWDR certificate: installed
[INFO]   Minimum iOS version: 8.0
[INFO]   Logging enabled on port 22992
[INFO]   Debugging disabled
[INFO]   Profiler disabled
[INFO]   Set to copy files instead of symlinking
[INFO]   Initializing the build directory
[TRACE]  offline build file /var/folders/ny/88xmw3fd2mnc8ph1wbs1s7rw0000gn/T/build-b236ad9769603ed4869ea99b645b64a4a5f2af3e.json
[TRACE]  online 1
[TRACE]  optimizing build, last build was 24220.137 sec ago
[INFO]   Creating Xcode project
[TRACE]  Removing pre-compile phase
[TRACE]  No native module libraries to add
[TRACE]  No extensions to add
[TRACE]  No change, skipping /Users/dedam/Desktop/AppceleratorMon/ChooseAMonster/build/iphone/ChooseAMonster.xcodeproj/project.pbxproj
[INFO]   Creating Entitlements.plist
[TRACE]  No change, skipping /Users/dedam/Desktop/AppceleratorMon/ChooseAMonster/build/iphone/ChooseAMonster.entitlements
[INFO]   Creating Info.plist
[INFO]   Disabling ATS
[TRACE]  No change, skipping /Users/dedam/Desktop/AppceleratorMon/ChooseAMonster/build/iphone/Info.plist
[INFO]   Creating main.m
[TRACE]  No change, skipping /Users/dedam/Desktop/AppceleratorMon/ChooseAMonster/build/iphone/main.m
[INFO]   Creating Xcode config files
[TRACE]  No change, skipping /Users/dedam/Desktop/AppceleratorMon/ChooseAMonster/build/iphone/project.xcconfig
[TRACE]  No change, skipping /Users/dedam/Desktop/AppceleratorMon/ChooseAMonster/build/iphone/module.xcconfig
[INFO]   Copying Titanium libraries
[TRACE]  No change, skipping /Users/dedam/Desktop/AppceleratorMon/ChooseAMonster/build/iphone/lib/libTiCore.a
[TRACE]  No change, skipping /Users/dedam/Desktop/AppceleratorMon/ChooseAMonster/build/iphone/lib/libtiverify.a
[TRACE]  No change, skipping /Users/dedam/Desktop/AppceleratorMon/ChooseAMonster/build/iphone/lib/libti_ios_debugger.a
[TRACE]  No change, skipping /Users/dedam/Desktop/AppceleratorMon/ChooseAMonster/build/iphone/lib/libti_ios_profiler.a
[INFO]   Copying Titanium iOS files
[TRACE]  Skipping Classes/ApplicationRouting.m, it'll be processed later
[TRACE]  No change, skipping /Users/dedam/Desktop/AppceleratorMon/ChooseAMonster/build/iphone/ChooseAMonster_Prefix.pch
[TRACE]  No change, skipping /Users/dedam/Desktop/AppceleratorMon/ChooseAMonster/build/iphone/ChooseAMonster.xcodeproj/xcshareddata/xcschemes/ChooseAMonster.xcscheme
[INFO]   Installing default LaunchScreen.storyboard
[TRACE]  No change, skipping /Users/dedam/Desktop/AppceleratorMon/ChooseAMonster/build/iphone/LaunchScreen.storyboard
[INFO]   Creating debugger and profiler plists
[DEBUG]  Skipping /Users/dedam/Desktop/AppceleratorMon/ChooseAMonster/build/iphone/build/Products/Debug-iphonesimulator/ChooseAMonster.app/debugger.plist
[DEBUG]  Skipping /Users/dedam/Desktop/AppceleratorMon/ChooseAMonster/build/iphone/build/Products/Debug-iphonesimulator/ChooseAMonster.app/profiler.plist
[INFO]   Analyzing Resources directory
[INFO]   Analyzing platform files
[INFO]   Analyzing module files
[INFO]   Analyzing localized launch images
[INFO]   Analyzing CommonJS modules
[INFO]   Creating asset catalog
[TRACE]  No change, skipping /Users/dedam/Desktop/AppceleratorMon/ChooseAMonster/build/iphone/Assets.xcassets/Contents.json
[INFO]   Creating app icon set
[TRACE]  Found generated 29x29 app icon: /Users/dedam/Desktop/AppceleratorMon/ChooseAMonster/build/iphone/Assets.xcassets/AppIcon.appiconset/appicon-Small.png
[TRACE]  Found generated 58x58 app icon: /Users/dedam/Desktop/AppceleratorMon/ChooseAMonster/build/iphone/Assets.xcassets/AppIcon.appiconset/appicon-Small@2x.png
[TRACE]  Found generated 87x87 app icon: /Users/dedam/Desktop/AppceleratorMon/ChooseAMonster/build/iphone/Assets.xcassets/AppIcon.appiconset/appicon-Small@3x.png
[TRACE]  Found generated 40x40 app icon: /Users/dedam/Desktop/AppceleratorMon/ChooseAMonster/build/iphone/Assets.xcassets/AppIcon.appiconset/appicon-Small-40.png
[TRACE]  Found generated 80x80 app icon: /Users/dedam/Desktop/AppceleratorMon/ChooseAMonster/build/iphone/Assets.xcassets/AppIcon.appiconset/appicon-Small-40@2x.png
[TRACE]  Found generated 120x120 app icon: /Users/dedam/Desktop/AppceleratorMon/ChooseAMonster/build/iphone/Assets.xcassets/AppIcon.appiconset/appicon-Small-40@3x.png
[TRACE]  Found generated 120x120 app icon: /Users/dedam/Desktop/AppceleratorMon/ChooseAMonster/build/iphone/Assets.xcassets/AppIcon.appiconset/appicon-60@2x.png
[TRACE]  Found generated 180x180 app icon: /Users/dedam/Desktop/AppceleratorMon/ChooseAMonster/build/iphone/Assets.xcassets/AppIcon.appiconset/appicon-60@3x.png
[TRACE]  Found generated 76x76 app icon: /Users/dedam/Desktop/AppceleratorMon/ChooseAMonster/build/iphone/Assets.xcassets/AppIcon.appiconset/appicon-76.png
[TRACE]  Found generated 152x152 app icon: /Users/dedam/Desktop/AppceleratorMon/ChooseAMonster/build/iphone/Assets.xcassets/AppIcon.appiconset/appicon-76@2x.png
[TRACE]  Found generated 167x167 app icon: /Users/dedam/Desktop/AppceleratorMon/ChooseAMonster/build/iphone/Assets.xcassets/AppIcon.appiconset/appicon-83.5@2x.png
[TRACE]  No change, skipping /Users/dedam/Desktop/AppceleratorMon/ChooseAMonster/build/iphone/Assets.xcassets/AppIcon.appiconset/Contents.json
[INFO]   Creating launch logo image set
[TRACE]  Found generated 320x320 launch logo: /Users/dedam/Desktop/AppceleratorMon/ChooseAMonster/build/iphone/Assets.xcassets/LaunchLogo.imageset/LaunchLogo~iphone.png
[TRACE]  Found generated 374x374 launch logo: /Users/dedam/Desktop/AppceleratorMon/ChooseAMonster/build/iphone/Assets.xcassets/LaunchLogo.imageset/LaunchLogo@2x~iphone.png
[TRACE]  Found generated 621x621 launch logo: /Users/dedam/Desktop/AppceleratorMon/ChooseAMonster/build/iphone/Assets.xcassets/LaunchLogo.imageset/LaunchLogo@3x~iphone.png
[TRACE]  Found generated 384x384 launch logo: /Users/dedam/Desktop/AppceleratorMon/ChooseAMonster/build/iphone/Assets.xcassets/LaunchLogo.imageset/LaunchLogo~ipad.png
[TRACE]  Found generated 1024x1024 launch logo: /Users/dedam/Desktop/AppceleratorMon/ChooseAMonster/build/iphone/Assets.xcassets/LaunchLogo.imageset/LaunchLogo@2x~ipad.png
[TRACE]  No change, skipping /Users/dedam/Desktop/AppceleratorMon/ChooseAMonster/build/iphone/Assets.xcassets/LaunchLogo.imageset/Contents.json
[INFO]   Creating launch image set
[DEBUG]  Unsupported launch image Resources/iphone/Default.png, skipping
[TRACE]  No change, skipping /Users/dedam/Desktop/AppceleratorMon/ChooseAMonster/build/iphone/Assets.xcassets/LaunchImage.launchimage/Contents.json
[INFO]   Creating assets image set
[TRACE]  No change, skipping /Users/dedam/Desktop/AppceleratorMon/ChooseAMonster/build/iphone/Assets.xcassets/82bf6238079dde0295023b5a1b09cca39e60d2d4.imageset/Contents.json
[TRACE]  No change, skipping /Users/dedam/Desktop/AppceleratorMon/ChooseAMonster/build/iphone/Assets.xcassets/202c316fc013c41a8ca484a6e192157dfa30a0d8.imageset/Contents.json
[TRACE]  No change, skipping /Users/dedam/Desktop/AppceleratorMon/ChooseAMonster/build/iphone/Assets.xcassets/c1a7d645eb42c159a3be384d8d633fc03eb25e79.imageset/Contents.json
[TRACE]  No change, skipping /Users/dedam/Desktop/AppceleratorMon/ChooseAMonster/build/iphone/Assets.xcassets/2323050a95c7330522a8c946414f468932ea8864.imageset/Contents.json
[TRACE]  No change, skipping /Users/dedam/Desktop/AppceleratorMon/ChooseAMonster/build/iphone/Assets.xcassets/116acd694f160cbb4cccebdfd2bda4398517f4f2.imageset/Contents.json
[TRACE]  No change, skipping /Users/dedam/Desktop/AppceleratorMon/ChooseAMonster/build/iphone/Assets.xcassets/1c27a9d2bc724ecd69f9e84e8e13bf7e93963450.imageset/Contents.json
[TRACE]  No change, skipping /Users/dedam/Desktop/AppceleratorMon/ChooseAMonster/build/iphone/Assets.xcassets/e177b5faae08d2f3e4d159839aa39c77a1cc6381.imageset/Contents.json
[TRACE]  No change, skipping /Users/dedam/Desktop/AppceleratorMon/ChooseAMonster/build/iphone/Assets.xcassets/7ee649bef17ee5e6c5fc706915e328e9e69a3dbc.imageset/Contents.json
[TRACE]  No change, skipping /Users/dedam/Desktop/AppceleratorMon/ChooseAMonster/build/iphone/Assets.xcassets/f764ffe4b33cd64252af3786582d2eb523f73653.imageset/Contents.json
[TRACE]  No change, skipping /Users/dedam/Desktop/AppceleratorMon/ChooseAMonster/build/iphone/Assets.xcassets/f58b0d04f3ad524648680e9940fb4e77323cb9bb.imageset/Contents.json
[TRACE]  No change, skipping /Users/dedam/Desktop/AppceleratorMon/ChooseAMonster/build/iphone/Assets.xcassets/cb2e9b637cf08b6cee5c34a9d42ed14216474da9.imageset/Contents.json
[DEBUG]  Copying resources
[TRACE]  No change, skipping /Users/dedam/Desktop/AppceleratorMon/ChooseAMonster/build/iphone/Assets.xcassets/LaunchImage.launchimage/Default-568h@2x.png
[TRACE]  No change, skipping /Users/dedam/Desktop/AppceleratorMon/ChooseAMonster/build/iphone/Assets.xcassets/LaunchImage.launchimage/Default-667h@2x.png
[TRACE]  No change, skipping /Users/dedam/Desktop/AppceleratorMon/ChooseAMonster/build/iphone/Assets.xcassets/LaunchImage.launchimage/Default-Landscape-736h@3x.png
[TRACE]  No change, skipping /Users/dedam/Desktop/AppceleratorMon/ChooseAMonster/build/iphone/Assets.xcassets/LaunchImage.launchimage/Default-Landscape.png
[TRACE]  No change, skipping /Users/dedam/Desktop/AppceleratorMon/ChooseAMonster/build/iphone/Assets.xcassets/LaunchImage.launchimage/Default-Landscape@2x.png
[TRACE]  No change, skipping /Users/dedam/Desktop/AppceleratorMon/ChooseAMonster/build/iphone/Assets.xcassets/LaunchImage.launchimage/Default-Portrait-736h@3x.png
[TRACE]  No change, skipping /Users/dedam/Desktop/AppceleratorMon/ChooseAMonster/build/iphone/Assets.xcassets/LaunchImage.launchimage/Default-Portrait.png
[TRACE]  No change, skipping /Users/dedam/Desktop/AppceleratorMon/ChooseAMonster/build/iphone/Assets.xcassets/LaunchImage.launchimage/Default-Portrait@2x.png
[TRACE]  No change, skipping /Users/dedam/Desktop/AppceleratorMon/ChooseAMonster/build/iphone/Assets.xcassets/LaunchImage.launchimage/Default@2x.png
[TRACE]  No change, skipping /Users/dedam/Desktop/AppceleratorMon/ChooseAMonster/build/iphone/Assets.xcassets/82bf6238079dde0295023b5a1b09cca39e60d2d4.imageset/1.png
[TRACE]  No change, skipping /Users/dedam/Desktop/AppceleratorMon/ChooseAMonster/build/iphone/Assets.xcassets/202c316fc013c41a8ca484a6e192157dfa30a0d8.imageset/2.png
[TRACE]  No change, skipping /Users/dedam/Desktop/AppceleratorMon/ChooseAMonster/build/iphone/Assets.xcassets/c1a7d645eb42c159a3be384d8d633fc03eb25e79.imageset/3.png
[TRACE]  No change, skipping /Users/dedam/Desktop/AppceleratorMon/ChooseAMonster/build/iphone/Assets.xcassets/2323050a95c7330522a8c946414f468932ea8864.imageset/4.png
[TRACE]  No change, skipping /Users/dedam/Desktop/AppceleratorMon/ChooseAMonster/build/iphone/Assets.xcassets/116acd694f160cbb4cccebdfd2bda4398517f4f2.imageset/5.png
[TRACE]  No change, skipping /Users/dedam/Desktop/AppceleratorMon/ChooseAMonster/build/iphone/Assets.xcassets/1c27a9d2bc724ecd69f9e84e8e13bf7e93963450.imageset/6.png
[TRACE]  No change, skipping /Users/dedam/Desktop/AppceleratorMon/ChooseAMonster/build/iphone/Assets.xcassets/e177b5faae08d2f3e4d159839aa39c77a1cc6381.imageset/7.png
[TRACE]  No change, skipping /Users/dedam/Desktop/AppceleratorMon/ChooseAMonster/build/iphone/Assets.xcassets/7ee649bef17ee5e6c5fc706915e328e9e69a3dbc.imageset/8.png
[TRACE]  No change, skipping /Users/dedam/Desktop/AppceleratorMon/ChooseAMonster/build/iphone/Assets.xcassets/f764ffe4b33cd64252af3786582d2eb523f73653.imageset/headerbg.png
[TRACE]  No change, skipping /Users/dedam/Desktop/AppceleratorMon/ChooseAMonster/build/iphone/Assets.xcassets/f58b0d04f3ad524648680e9940fb4e77323cb9bb.imageset/tab1.png
[TRACE]  No change, skipping /Users/dedam/Desktop/AppceleratorMon/ChooseAMonster/build/iphone/Assets.xcassets/f58b0d04f3ad524648680e9940fb4e77323cb9bb.imageset/tab1@2x.png
[TRACE]  No change, skipping /Users/dedam/Desktop/AppceleratorMon/ChooseAMonster/build/iphone/Assets.xcassets/f58b0d04f3ad524648680e9940fb4e77323cb9bb.imageset/tab1@3x.png
[TRACE]  No change, skipping /Users/dedam/Desktop/AppceleratorMon/ChooseAMonster/build/iphone/Assets.xcassets/cb2e9b637cf08b6cee5c34a9d42ed14216474da9.imageset/tab2.png
[TRACE]  No change, skipping /Users/dedam/Desktop/AppceleratorMon/ChooseAMonster/build/iphone/Assets.xcassets/cb2e9b637cf08b6cee5c34a9d42ed14216474da9.imageset/tab2@2x.png
[TRACE]  No change, skipping /Users/dedam/Desktop/AppceleratorMon/ChooseAMonster/build/iphone/Assets.xcassets/cb2e9b637cf08b6cee5c34a9d42ed14216474da9.imageset/tab2@3x.png
[DEBUG]  Copying CSS files
[INFO]   Processing JavaScript files
[DEBUG]  Overwriting /Users/dedam/Desktop/AppceleratorMon/ChooseAMonster/Resources/Controller.js => /Users/dedam/Desktop/AppceleratorMon/ChooseAMonster/build/iphone/build/Products/Debug-iphonesimulator/ChooseAMonster.app/Controller.js
[DEBUG]  Overwriting /Users/dedam/Desktop/AppceleratorMon/ChooseAMonster/Resources/app.js => /Users/dedam/Desktop/AppceleratorMon/ChooseAMonster/build/iphone/build/Products/Debug-iphonesimulator/ChooseAMonster.app/app.js
[DEBUG]  Overwriting /Users/dedam/Desktop/AppceleratorMon/ChooseAMonster/Resources/data/monster_data.js => /Users/dedam/Desktop/AppceleratorMon/ChooseAMonster/build/iphone/build/Products/Debug-iphonesimulator/ChooseAMonster.app/data/monster_data.js
[DEBUG]  Overwriting /Users/dedam/Desktop/AppceleratorMon/ChooseAMonster/Resources/view/components/ElementList.js => /Users/dedam/Desktop/AppceleratorMon/ChooseAMonster/build/iphone/build/Products/Debug-iphonesimulator/ChooseAMonster.app/view/components/ElementList.js
[DEBUG]  Overwriting /Users/dedam/Desktop/AppceleratorMon/ChooseAMonster/Resources/view/components/Header.js => /Users/dedam/Desktop/AppceleratorMon/ChooseAMonster/build/iphone/build/Products/Debug-iphonesimulator/ChooseAMonster.app/view/components/Header.js
[DEBUG]  Overwriting /Users/dedam/Desktop/AppceleratorMon/ChooseAMonster/Resources/view/components/TableRowList.js => /Users/dedam/Desktop/AppceleratorMon/ChooseAMonster/build/iphone/build/Products/Debug-iphonesimulator/ChooseAMonster.app/view/components/TableRowList.js
[DEBUG]  Overwriting /Users/dedam/Desktop/AppceleratorMon/ChooseAMonster/Resources/view/screens/MonsterDetail.js => /Users/dedam/Desktop/AppceleratorMon/ChooseAMonster/build/iphone/build/Products/Debug-iphonesimulator/ChooseAMonster.app/view/screens/MonsterDetail.js
[DEBUG]  Overwriting /Users/dedam/Desktop/AppceleratorMon/ChooseAMonster/Resources/view/screens/Monsters.js => /Users/dedam/Desktop/AppceleratorMon/ChooseAMonster/build/iphone/build/Products/Debug-iphonesimulator/ChooseAMonster.app/view/screens/Monsters.js
[INFO]   Writing app properties
[TRACE]  No change, skipping /Users/dedam/Desktop/AppceleratorMon/ChooseAMonster/build/iphone/build/Products/Debug-iphonesimulator/ChooseAMonster.app/_app_props_.json
[DEBUG]  Using default application routing
[TRACE]  No change, skipping /Users/dedam/Desktop/AppceleratorMon/ChooseAMonster/build/iphone/Classes/ApplicationRouting.m
[INFO]   Writing i18n files
[DEBUG]  No i18n files to process
[INFO]   Processing Titanium symbols
[DEBUG]  Processing Titanium namespace resources
[TRACE]  No change, skipping /Users/dedam/Desktop/AppceleratorMon/ChooseAMonster/build/iphone/build/Products/Debug-iphonesimulator/ChooseAMonster.app/modules/ui/images/badge.png
[TRACE]  No change, skipping /Users/dedam/Desktop/AppceleratorMon/ChooseAMonster/build/iphone/build/Products/Debug-iphonesimulator/ChooseAMonster.app/modules/ui/images/closeButton.png
[TRACE]  No change, skipping /Users/dedam/Desktop/AppceleratorMon/ChooseAMonster/build/iphone/build/Products/Debug-iphonesimulator/ChooseAMonster.app/modules/ui/images/photoDefault.png
[TRACE]  No change, skipping /Users/dedam/Desktop/AppceleratorMon/ChooseAMonster/build/iphone/Classes/defines.h
[INFO]   Removing files
[DEBUG]  Removing empty directories
[INFO]   Skipping xcodebuild
[INFO]   Finished building the application in 2s 207ms
[INFO]   Launching iOS Simulator
[TRACE]  [ioslib] Selected iOS Simulator: iPhone 6s
[TRACE]  [ioslib]   UDID    = BEA86558-DC8A-4D13-941B-C5983D145290
[TRACE]  [ioslib]   iOS     = 10.2
[TRACE]  [ioslib] Autoselected Xcode: 8.2.1
[TRACE]  [ioslib] Checking if simulator /Applications/Xcode.app/Contents/Developer/Applications/Simulator.app/Contents/MacOS/Simulator is already running
[TRACE]  [ioslib] Simulator is running (pid 21779)
[TRACE]  [ioslib] Simulator is booted!
[TRACE]  [ioslib] iPhone 6s Simulator already running with the correct udid
[TRACE]  [ioslib] Tailing iPhone 6s Simulator system log: /Users/dedam/Library/Logs/CoreSimulator/BEA86558-DC8A-4D13-941B-C5983D145290/system.log
[TRACE]  [ioslib] Running: osascript "/Users/dedam/Library/Application Support/Titanium/mobilesdk/osx/6.0.1.GA/node_modules/ioslib/lib/sim_focus.scpt" "Simulator"
[TRACE]  [ioslib] iPhone 6s Simulator successfully focused
[TRACE]  [ioslib] Installing the app
[TRACE]  [ioslib] App launched
[TRACE]  [ioslib] Trying to connect to log server port 22992...